2025-05-21 09:32:00 | DEBUG | repo=pv243-a4m36jee-2018-security-seminar | action=commit
2025-01-06 21:09:00 | WARN | repo=pv243-a4m36jee-2018-security-seminar | action=edit | files=5
2025-11-25 18:06:00 | WARN | repo=pv243-a4m36jee-2018-security-seminar | action=commit
2025-10-22 07:28:00 | DEBUG | repo=pv243-a4m36jee-2018-security-seminar | action=edit | files=4
2025-06-23 17:20:00 | INFO | repo=pv243-a4m36jee-2018-security-seminar | action=commit
2025-09-01 11:55:00 | DEBUG | repo=pv243-a4m36jee-2018-security-seminar | action=commit
2025-03-03 20:43:00 | WARN | repo=pv243-a4m36jee-2018-security-seminar | action=edit | files=3
2025-03-25 17:55:00 | WARN | repo=pv243-a4m36jee-2018-security-seminar | action=commit
2025-12-07 21:05:00 | INFO | repo=pv243-a4m36jee-2018-security-seminar | action=commit
2025-05-18 17:20:00 | INFO | repo=pv243-a4m36jee-2018-security-seminar | action=pull
2025-09-22 08:57:00 | INFO | repo=pv243-a4m36jee-2018-security-seminar | action=commit
2025-06-24 13:45:00 | INFO | repo=pv243-a4m36jee-2018-security-seminar | action=commit
2025-03-07 16:57:00 | WARN | repo=pv243-a4m36jee-2018-security-seminar | action=commit
2025-05-09 15:36:00 | INFO | repo=pv243-a4m36jee-2018-security-seminar | action=commit
2025-12-13 09:37:00 | INFO | repo=pv243-a4m36jee-2018-security-seminar | action=commit
2025-05-08 09:58:00 | DEBUG | repo=pv243-a4m36jee-2018-security-seminar | action=commit
2025-12-20 21:15:00 | INFO | repo=pv243-a4m36jee-2018-security-seminar | action=commit
2025-01-02 15:57:00 | DEBUG | repo=pv243-a4m36jee-2018-security-seminar | action=commit
2025-01-06 09:00:00 | DEBUG | repo=pv243-a4m36jee-2018-security-seminar | action=commit
2025-09-10 11:40:00 | INFO | repo=pv243-a4m36jee-2018-security-seminar | action=commit
2025-06-18 10:38:00 | INFO | repo=pv243-a4m36jee-2018-security-seminar | action=commit
2025-02-16 14:26:00 | INFO | repo=pv243-a4m36jee-2018-security-seminar | action=pull
2025-08-02 07:54:00 | INFO | repo=pv243-a4m36jee-2018-security-seminar | action=commit
2025-04-22 15:10:00 | WARN | repo=pv243-a4m36jee-2018-security-seminar | action=commit
2025-03-26 15:30:00 | INFO | repo=pv243-a4m36jee-2018-security-seminar | action=commit
2025-12-15 11:59:00 | DEBUG | repo=pv243-a4m36jee-2018-security-seminar | action=commit
2025-03-24 11:29:00 | DEBUG | repo=pv243-a4m36jee-2018-security-seminar | action=commit
2025-05-14 18:14:00 | WARN | repo=pv243-a4m36jee-2018-security-seminar | action=commit
2025-01-17 07:01:00 | INFO | repo=pv243-a4m36jee-2018-security-seminar | action=commit
2025-02-28 21:08:00 | DEBUG | repo=pv243-a4m36jee-2018-security-seminar | action=edit | files=2
2025-11-24 20:00:00 | INFO | repo=pv243-a4m36jee-2018-security-seminar | action=commit
2025-07-27 08:16:00 | INFO | repo=pv243-a4m36jee-2018-security-seminar | action=commit
2025-03-03 19:11:00 | DEBUG | repo=pv243-a4m36jee-2018-security-seminar | action=commit
2025-06-08 18:35:00 | DEBUG | repo=pv243-a4m36jee-2018-security-seminar | action=commit
2025-01-22 15:22:00 | INFO | repo=pv243-a4m36jee-2018-security-seminar | action=commit
2025-05-09 13:37:00 | INFO | repo=pv243-a4m36jee-2018-security-seminar | action=commit
2025-06-23 14:12:00 | DEBUG | repo=pv243-a4m36jee-2018-security-seminar | action=pull
2025-10-05 09:01:00 | WARN | repo=pv243-a4m36jee-2018-security-seminar | action=commit
2025-04-12 19:25:00 | DEBUG | repo=pv243-a4m36jee-2018-security-seminar | action=commit
2025-06-25 08:07:00 | WARN | repo=pv243-a4m36jee-2018-security-seminar | action=commit
2025-07-26 20:23:00 | INFO | repo=pv243-a4m36jee-2018-security-seminar | action=commit
2025-09-03 08:15:00 | DEBUG | repo=pv243-a4m36jee-2018-security-seminar | action=commit
2025-05-19 07:08:00 | DEBUG | repo=pv243-a4m36jee-2018-security-seminar | action=pull
2025-10-06 20:06:00 | DEBUG | repo=pv243-a4m36jee-2018-security-seminar | action=commit
2025-04-26 16:44:00 | WARN | repo=pv243-a4m36jee-2018-security-seminar | action=commit
2025-11-05 07:56:00 | DEBUG | repo=pv243-a4m36jee-2018-security-seminar | action=commit
2025-04-12 21:37:00 | DEBUG | repo=pv243-a4m36jee-2018-security-seminar | action=commit
2025-01-10 07:21:00 | DEBUG | repo=pv243-a4m36jee-2018-security-seminar | action=pull
2025-01-02 15:47:00 | DEBUG | repo=pv243-a4m36jee-2018-security-seminar | action=edit | files=5
2025-08-19 08:32:00 | INFO | repo=pv243-a4m36jee-2018-security-seminar | action=test | passed=true
2025-12-04 20:43:00 | WARN | repo=pv243-a4m36jee-2018-security-seminar | action=commit
2025-07-14 07:12:00 | WARN | repo=pv243-a4m36jee-2018-security-seminar | action=test | passed=true
2025-05-16 08:44:00 | WARN | repo=pv243-a4m36jee-2018-security-seminar | action=commit
2025-08-18 13:45:00 | WARN | repo=pv243-a4m36jee-2018-security-seminar | action=commit
2025-04-07 09:54:00 | WARN | repo=pv243-a4m36jee-2018-security-seminar | action=commit
2025-11-13 18:02:00 | WARN | repo=pv243-a4m36jee-2018-security-seminar | action=commit
2025-08-06 19:52:00 | INFO | repo=pv243-a4m36jee-2018-security-seminar | action=commit
2025-07-18 11:29:00 | INFO | repo=pv243-a4m36jee-2018-security-seminar | action=commit
2025-08-16 08:53:00 | WARN | repo=pv243-a4m36jee-2018-security-seminar | action=edit | files=2
2025-11-15 19:18:00 | INFO | repo=pv243-a4m36jee-2018-security-seminar | action=commit
2025-09-05 07:55:00 | DEBUG | repo=pv243-a4m36jee-2018-security-seminar | action=test | passed=true
2025-05-07 13:54:00 | INFO | repo=pv243-a4m36jee-2018-security-seminar | action=commit
2025-05-02 17:45:00 | DEBUG | repo=pv243-a4m36jee-2018-security-seminar | action=commit
2025-05-01 10:27:00 | INFO | repo=pv243-a4m36jee-2018-security-seminar | action=commit
2025-11-01 21:49:00 | DEBUG | repo=pv243-a4m36jee-2018-security-seminar | action=commit
2025-09-17 07:02:00 | DEBUG | repo=pv243-a4m36jee-2018-security-seminar | action=commit
2025-06-11 14:57:00 | INFO | repo=pv243-a4m36jee-2018-security-seminar | action=edit | files=2
2025-04-09 20:49:00 | DEBUG | repo=pv243-a4m36jee-2018-security-seminar | action=pull
2025-03-06 09:06:00 | INFO | repo=pv243-a4m36jee-2018-security-seminar | action=pull
2025-10-07 07:26:00 | WARN | repo=pv243-a4m36jee-2018-security-seminar | action=commit
2025-02-21 12:00:00 | DEBUG | repo=pv243-a4m36jee-2018-security-seminar | action=commit
2025-06-26 14:11:00 | DEBUG | repo=pv243-a4m36jee-2018-security-seminar | action=commit
2025-11-10 07:52:00 | INFO | repo=pv243-a4m36jee-2018-security-seminar | action=commit
2025-01-22 18:49:00 | INFO | repo=pv243-a4m36jee-2018-security-seminar | action=pull
2025-03-11 07:06:00 | WARN | repo=pv243-a4m36jee-2018-security-seminar | action=commit
2025-11-20 20:05:00 | DEBUG | repo=pv243-a4m36jee-2018-security-seminar | action=commit
2025-02-19 16:55:00 | DEBUG | repo=pv243-a4m36jee-2018-security-seminar | action=edit | files=3
2025-01-16 13:15:00 | WARN | repo=pv243-a4m36jee-2018-security-seminar | action=edit | files=1
2025-10-16 10:32:00 | DEBUG | repo=pv243-a4m36jee-2018-security-seminar | action=pull
2025-02-19 11:24:00 | DEBUG | repo=pv243-a4m36jee-2018-security-seminar | action=commit
2025-08-02 21:33:00 | INFO | repo=pv243-a4m36jee-2018-security-seminar | action=commit
2025-08-24 10:32:00 | INFO | repo=pv243-a4m36jee-2018-security-seminar | action=commit
2025-11-13 19:06:00 | INFO | repo=pv243-a4m36jee-2018-security-seminar | action=commit
2025-03-10 08:31:00 | INFO | repo=pv243-a4m36jee-2018-security-seminar | action=commit
2025-07-25 10:34:00 | DEBUG | repo=pv243-a4m36jee-2018-security-seminar | action=commit
2025-12-25 07:04:00 | INFO | repo=pv243-a4m36jee-2018-security-seminar | action=commit
2025-12-19 20:33:00 | INFO | repo=pv243-a4m36jee-2018-security-seminar | action=commit
2025-03-22 20:38:00 | INFO | repo=pv243-a4m36jee-2018-security-seminar | action=test | passed=true
2025-12-10 19:12:00 | DEBUG | repo=pv243-a4m36jee-2018-security-seminar | action=commit
2025-09-22 09:17:00 | INFO | repo=pv243-a4m36jee-2018-security-seminar | action=commit
2025-02-26 20:50:00 | INFO | repo=pv243-a4m36jee-2018-security-seminar | action=commit
2025-01-14 10:59:00 | WARN | repo=pv243-a4m36jee-2018-security-seminar | action=commit
2025-12-22 08:59:00 | INFO | repo=pv243-a4m36jee-2018-security-seminar | action=commit
2025-04-10 09:03:00 | WARN | repo=pv243-a4m36jee-2018-security-seminar | action=test | passed=true
2025-03-08 18:45:00 | INFO | repo=pv243-a4m36jee-2018-security-seminar | action=edit | files=4
2025-03-13 10:54:00 | WARN | repo=pv243-a4m36jee-2018-security-seminar | action=commit
2025-08-22 15:39:00 | INFO | repo=pv243-a4m36jee-2018-security-seminar | action=commit
2025-12-17 07:11:00 | WARN | repo=pv243-a4m36jee-2018-security-seminar | action=commit
2025-05-05 16:06:00 | INFO | repo=pv243-a4m36jee-2018-security-seminar | action=commit
2025-11-16 20:36:00 | INFO | repo=pv243-a4m36jee-2018-security-seminar | action=commit
2025-10-07 10:49:00 | WARN | repo=pv243-a4m36jee-2018-security-seminar | action=pull
2025-01-27 19:25:00 | WARN | repo=pv243-a4m36jee-2018-security-seminar | action=pull
2025-11-19 19:30:00 | DEBUG | repo=pv243-a4m36jee-2018-security-seminar | action=commit
2025-11-17 18:12:00 | INFO | repo=pv243-a4m36jee-2018-security-seminar | action=commit
2025-04-25 10:09:00 | INFO | repo=pv243-a4m36jee-2018-security-seminar | action=commit
2025-12-03 08:18:00 | DEBUG | repo=pv243-a4m36jee-2018-security-seminar | action=test | passed=true
2025-02-23 19:08:00 | DEBUG | repo=pv243-a4m36jee-2018-security-seminar | action=commit
2025-10-26 16:27:00 | WARN | repo=pv243-a4m36jee-2018-security-seminar | action=commit
2025-07-17 16:32:00 | INFO | repo=pv243-a4m36jee-2018-security-seminar | action=commit
2025-07-09 16:15:00 | DEBUG | repo=pv243-a4m36jee-2018-security-seminar | action=commit
2025-02-22 08:59:00 | INFO | repo=pv243-a4m36jee-2018-security-seminar | action=commit
2025-02-10 09:27:00 | DEBUG | repo=pv243-a4m36jee-2018-security-seminar | action=commit
2025-05-01 09:28:00 | INFO | repo=pv243-a4m36jee-2018-security-seminar | action=test | passed=true
2025-07-28 20:07:00 | INFO | repo=pv243-a4m36jee-2018-security-seminar | action=commit
